<?xml version="1.0" encoding="UTF-8"?>
<testsuite xmlns:xsi="http://www.w3.org/2001/XMLSchema-instance" xsi:noNamespaceSchemaLocation="https://maven.apache.org/surefire/maven-surefire-plugin/xsd/surefire-test-report-3.0.xsd" version="3.0" name="com.xignite.sdk.XigniteSdkApplicationTests" time="2.537" tests="1" errors="0" skipped="0" failures="0">
  <properties>
[...]
</properties>
  <testcase name="contextLoads" classname="com.xignite.sdk.XigniteSdkApplicationTests" time="1.006">
    <system-out><![CDATA[15:11:48.542 [main] INFO org.springframework.test.context.support.AnnotationConfigContextLoaderUtils -- Could not detect default configuration classes for test class [com.xignite.sdk.XigniteSdkApplicationTests]: XigniteSdkApplicationTests does not declare any static, non-private, non-final, nested classes annotated with @Configuration.
15:11:48.679 [main] INFO org.springframework.boot.test.context.SpringBootTestContextBootstrapper -- Found @SpringBootConfiguration com.xignite.sdk.XigniteSdkApplication for test class com.xignite.sdk.XigniteSdkApplicationTests

  .   ____          _            __ _ _
 /\\ / ___'_ __ _ _(_)_ __  __ _ \ \ \ \
( ( )\___ | '_ | '_| | '_ \/ _` | \ \ \ \
 \\/  ___)| |_)| | | | | || (_| |  ) ) ) )
  '  |____| .__|_| |_|_| |_\__, | / / / /
 =========|_|==============|___/=/_/_/_/
 :: Spring Boot ::                (v3.2.3)

2024-03-05T15:11:49.045+04:00  INFO 39004 --- [           main] c.x.sdk.XigniteSdkApplicationTests       : Starting XigniteSdkApplicationTests using Java 21.0.1 with PID 39004 (started by saniahelzamathews in /Users/saniahelzamathews/Documents/Project/XigniteSDK/target)
2024-03-05T15:11:49.047+04:00  INFO 39004 --- [           main] c.x.sdk.XigniteSdkApplicationTests       : No active profile set, falling back to 1 default profile: "default"
2024-03-05T15:11:49.888+04:00  INFO 39004 --- [           main] c.x.sdk.XigniteSdkApplicationTests       : Started XigniteSdkApplicationTests in 1.085 seconds (process running for 2.076)
]]></system-out>
    <system-err><![CDATA[WARNING: A Java agent has been loaded dynamically (/Users/saniahelzamathews/.m2/repository/net/bytebuddy/byte-buddy-agent/1.14.12/byte-buddy-agent-1.14.12.jar)
WARNING: If a serviceability tool is in use, please run with -XX:+EnableDynamicAgentLoading to hide this warning
WARNING: If a serviceability tool is not in use, please run with -Djdk.instrument.traceUsage for more information
WARNING: Dynamic loading of agents will be disallowed by default in a future release
]]></system-err>
  </testcase>
</testsuite>